2017-01-04 15:22:34 WARN  App:23 - Starting ...
2017-01-04 15:22:37 WARN  StartUp:20 - Starting server node
2017-01-04 15:22:37 WARN  Game:83 - Node as Server: init done
2017-01-04 15:22:37 WARN  StartUp:24 - Starting additional 1 nodes.
2017-01-04 15:22:37 WARN  Game:74 - Node as Client: init done
2017-01-04 15:22:37 WARN  StartUp:31 - Startup finished.
2017-01-04 15:22:39 WARN  StartUp:45 - starting Game in
2017-01-04 15:22:39 WARN  StartUp:50 - 3
2017-01-04 15:22:40 WARN  StartUp:50 - 2
2017-01-04 15:22:41 WARN  StartUp:50 - 1
2017-01-04 15:22:42 WARN  Game:118 - start id: 10 206 174 217 61 32 195 94 226 112 88 209 171 157 166 212 250 52 108 243 
2017-01-04 15:22:42 WARN  Game:120 - end id: 86 148 219 118 220 224 201 178 13 28 204 155 101 169 11 127 136 77 24 43 
2017-01-04 15:22:42 WARN  Game:122 - { |-|-|-|-|S|-|-|-|-|-|-|-|-|-|-|-|-|-|-|-|-|-|-|-|-|-|-|-|-|-|-|-|-|-|-|S|-|-|-|-|S|-|-|-|-|-|-|-|-|-|-|S|-|-|-|-|S|S|-|-|-|-|-|-|-|-|-|-|-|-|-|-|-|S|-|-|-|-|-|-|-|-|-|S|S|-|-|-|-|-|-|-|-|-|-|S|-|-|-|-| }
2017-01-04 15:22:42 WARN  Game:118 - start id: 86 148 219 118 220 224 201 178 13 28 204 155 101 169 11 127 136 77 24 44 
2017-01-04 15:22:42 WARN  Game:120 - end id: 10 206 174 217 61 32 195 94 226 112 88 209 171 157 166 212 250 52 108 242 
2017-01-04 15:22:42 WARN  Game:122 - { |-|-|-|S|-|-|-|-|-|-|-|-|-|-|S|-|-|-|-|-|-|-|-|-|-|S|-|-|-|-|-|-|-|-|-|-|-|-|-|-|-|-|-|S|-|S|-|-|-|S|-|S|-|-|-|-|-|-|-|-|-|-|-|-|-|-|-|-|-|-|S|-|-|-|-|-|S|-|-|-|-|-|-|-|S|-|-|-|-|-|-|-|-|-|-|-|-|-|-|-| }
2017-01-04 15:22:42 WARN  Game:128 - 0A CE AE D9 3D 20 C3 5E E2 70 58 D1 AB 9D A6 D4 FA 34 6C F2  has 2^160-1
2017-01-04 15:37:06 WARN  App:23 - Starting ...
2017-01-04 15:37:09 WARN  StartUp:20 - Starting server node
2017-01-04 15:37:09 WARN  Game:83 - Node as Server: init done
2017-01-04 15:37:09 WARN  StartUp:24 - Starting additional 1 nodes.
2017-01-04 15:37:09 WARN  Game:74 - Node as Client: init done
2017-01-04 15:37:09 WARN  StartUp:31 - Startup finished.
2017-01-04 15:37:10 WARN  StartUp:45 - starting Game in
2017-01-04 15:37:10 WARN  StartUp:50 - 3
2017-01-04 15:37:11 WARN  StartUp:50 - 2
2017-01-04 15:37:12 WARN  StartUp:50 - 1
2017-01-04 15:37:13 WARN  Game:118 - start id: 10 206 174 217 61 32 195 94 226 112 88 209 171 157 166 212 250 52 108 243 
2017-01-04 15:37:13 WARN  Game:120 - end id: 86 148 219 118 220 224 201 178 13 28 204 155 101 169 11 127 136 77 24 43 
2017-01-04 15:37:13 WARN  Game:122 - { |-|-|-|S|-|-|-|-|-|-|-|-|-|-|-|-|-|-|-|-|-|-|-|-|-|-|-|-|-|-|-|S|-|-|-|-|-|-|-|-|-|-|-|-|S|-|-|-|-|-|-|-|-|-|-|-|-|-|-|-|S|-|-|-|S|-|-|-|-|-|-|-|-|-|-|-|-|-|-|S|-|-|-|S|S|-|-|-|-|-|-|-|-|-|S|-|-|S|-|-| }
2017-01-04 15:37:13 WARN  Game:118 - start id: 86 148 219 118 220 224 201 178 13 28 204 155 101 169 11 127 136 77 24 44 
2017-01-04 15:37:13 WARN  Game:120 - end id: 10 206 174 217 61 32 195 94 226 112 88 209 171 157 166 212 250 52 108 242 
2017-01-04 15:37:13 WARN  Game:122 - { |-|-|-|S|-|-|-|-|-|-|-|-|-|S|-|-|-|-|S|-|-|S|-|-|-|-|-|S|-|-|-|-|-|-|-|-|-|-|-|-|-|-|-|-|-|-|-|-|-|-|-|-|-|-|-|-|-|-|-|-|-|S|-|-|-|-|-|-|-|-|-|S|-|-|-|-|-|-|-|-|-|-|-|-|-|-|-|S|S|-|-|S|-|-|-|-|-|-|-|-| }
2017-01-04 15:37:13 WARN  Game:128 - 0A CE AE D9 3D 20 C3 5E E2 70 58 D1 AB 9D A6 D4 FA 34 6C F2  has 2^160-1
2017-01-04 15:37:23 WARN  Game:145 - 86 148 219 118 220 224 201 178 13 28 204 155 101 169 11 127 136 77 24 43  hit at 13 150 60 252 74 42 36 106 134 160 64 3 117 166 153 222 172 37 228 106 
2017-01-04 15:37:23 WARN  Game:145 - 10 206 174 217 61 32 195 94 226 112 88 209 171 157 166 212 250 52 108 242  hit at 120 118 33 253 178 197 143 167 159 44 77 145 118 212 203 129 236 153 138 96 
2017-01-04 15:37:23 WARN  Game:145 - 10 206 174 217 61 32 195 94 226 112 88 209 171 157 166 212 250 52 108 242  hit at 215 228 133 100 24 63 231 45 141 205 128 194 158 220 123 116 121 58 118 14 
2017-01-04 15:37:23 WARN  Game:145 - 10 206 174 217 61 32 195 94 226 112 88 209 171 157 166 212 250 52 108 242  hit at 197 190 81 87 100 172 48 204 99 242 152 116 234 110 227 252 195 13 125 159 
2017-01-04 15:37:23 WARN  Game:145 - 86 148 219 118 220 224 201 178 13 28 204 155 101 169 11 127 136 77 24 43  hit at 70 225 50 111 179 125 163 175 129 81 46 121 103 54 180 79 46 206 92 1 
2017-01-04 15:37:23 WARN  Game:145 - 10 206 174 217 61 32 195 94 226 112 88 209 171 157 166 212 250 52 108 242  hit at 243 218 30 250 123 198 246 141 212 211 254 67 205 160 107 176 3 214 98 170 
2017-01-04 15:37:23 WARN  Game:145 - 10 206 174 217 61 32 195 94 226 112 88 209 171 157 166 212 250 52 108 242  hit at 111 11 53 117 1 210 41 82 169 10 90 215 247 246 192 98 58 148 179 170 
2017-01-04 15:37:23 WARN  Game:145 - 86 148 219 118 220 224 201 178 13 28 204 155 101 169 11 127 136 77 24 43  hit at 75 33 201 85 50 126 4 115 47 192 86 0 54 229 227 203 249 144 117 29 
2017-01-04 15:37:23 WARN  Game:145 - 10 206 174 217 61 32 195 94 226 112 88 209 171 157 166 212 250 52 108 242  hit at 251 188 73 8 100 223 133 3 179 84 247 7 71 152 59 195 88 58 4 64 
2017-01-04 15:37:23 WARN  Game:145 - 86 148 219 118 220 224 201 178 13 28 204 155 101 169 11 127 136 77 24 43  hit at 82 158 94 144 206 74 240 89 128 183 175 247 119 215 172 222 228 241 117 175 
2017-01-04 15:37:24 WARN  Game:145 - 86 148 219 118 220 224 201 178 13 28 204 155 101 169 11 127 136 77 24 43  hit at 59 231 224 92 42 183 211 44 248 129 74 216 231 146 187 195 225 206 37 58 
2017-01-04 15:37:24 WARN  Game:145 - 86 148 219 118 220 224 201 178 13 28 204 155 101 169 11 127 136 77 24 43  hit at 44 167 160 6 24 63 112 69 89 219 1 97 31 126 208 196 83 53 0 76 
2017-01-04 15:37:24 WARN  Game:145 - 86 148 219 118 220 224 201 178 13 28 204 155 101 169 11 127 136 77 24 43  hit at 84 218 229 230 98 60 7 255 41 131 127 136 97 242 47 115 179 109 165 50 
2017-01-04 15:37:24 WARN  Game:145 - 86 148 219 118 220 224 201 178 13 28 204 155 101 169 11 127 136 77 24 43  hit at 74 12 31 164 234 36 191 110 1 205 216 32 44 48 75 95 139 2 118 135 
2017-01-04 15:37:25 WARN  Game:145 - 86 148 219 118 220 224 201 178 13 28 204 155 101 169 11 127 136 77 24 43  hit at 34 151 137 210 141 137 187 88 227 90 22 233 45 115 252 138 166 110 115 99 
2017-01-04 15:37:26 WARN  Game:145 - 10 206 174 217 61 32 195 94 226 112 88 209 171 157 166 212 250 52 108 242  hit at 246 219 67 181 30 200 228 57 0 51 174 175 189 60 30 44 20 231 89 149 
2017-01-04 15:37:26 WARN  Game:145 - 86 148 219 118 220 224 201 178 13 28 204 155 101 169 11 127 136 77 24 43  hit at 56 95 221 35 29 235 143 14 223 150 18 242 106 192 92 254 237 229 164 211 
2017-01-04 15:37:26 WARN  Game:145 - 10 206 174 217 61 32 195 94 226 112 88 209 171 157 166 212 250 52 108 242  hit at 92 50 243 163 62 110 3 250 245 0 18 164 159 135 91 187 184 86 138 245 
2017-01-04 15:37:26 WARN  Game:145 - 10 206 174 217 61 32 195 94 226 112 88 209 171 157 166 212 250 52 108 242  hit at 136 250 72 238 115 255 39 82 125 184 245 158 97 239 3 0 238 150 54 155 
2017-01-04 15:37:26 WARN  Game:145 - 10 206 174 217 61 32 195 94 226 112 88 209 171 157 166 212 250 52 108 242  hit at 125 55 123 161 35 43 212 28 19 182 136 208 146 83 148 213 51 214 78 91 
2017-01-04 15:38:30 WARN  App:23 - Starting ...
2017-01-04 15:38:33 WARN  StartUp:20 - Starting server node
2017-01-04 15:38:33 WARN  Game:83 - Node as Server: init done
2017-01-04 15:38:33 WARN  StartUp:24 - Starting additional 1 nodes.
2017-01-04 15:38:33 WARN  Game:74 - Node as Client: init done
2017-01-04 15:38:33 WARN  StartUp:31 - Startup finished.
2017-01-04 15:38:34 WARN  StartUp:45 - starting Game in
2017-01-04 15:38:34 WARN  StartUp:50 - 3
2017-01-04 15:38:35 WARN  StartUp:50 - 2
2017-01-04 15:38:36 WARN  StartUp:50 - 1
2017-01-04 15:38:37 WARN  Game:118 - start id: 10 206 174 217 61 32 195 94 226 112 88 209 171 157 166 212 250 52 108 243 
2017-01-04 15:38:37 WARN  Game:120 - end id: 86 148 219 118 220 224 201 178 13 28 204 155 101 169 11 127 136 77 24 43 
2017-01-04 15:38:37 WARN  Game:122 - { |-|-|-|-|-|S|-|-|-|-|-|-|S|-|-|-|-|-|-|-|S|-|-|-|-|-|-|-|-|-|-|-|-|-|S|-|-|S|-|-|-|-|-|-|-|-|-|-|-|-|-|-|-|-|-|S|-|-|-|-|-|-|-|-|-|-|-|-|-|-|S|-|-|-|-|-|S|-|-|S|-|-|-|-|-|-|-|S|-|-|-|-|-|-|-|-|-|-|-|-| }
2017-01-04 15:38:37 WARN  Game:118 - start id: 86 148 219 118 220 224 201 178 13 28 204 155 101 169 11 127 136 77 24 44 
2017-01-04 15:38:37 WARN  Game:120 - end id: 10 206 174 217 61 32 195 94 226 112 88 209 171 157 166 212 250 52 108 242 
2017-01-04 15:38:37 WARN  Game:122 - { |-|-|-|-|-|S|-|S|-|-|S|-|-|-|-|S|-|-|-|-|-|-|-|-|-|-|-|-|-|-|-|-|-|-|-|-|-|-|-|-|-|-|-|S|-|-|-|-|-|-|S|-|-|-|-|-|-|-|-|S|-|-|-|-|-|-|-|-|-|-|-|-|-|-|-|-|-|-|-|-|-|-|-|-|-|-|S|-|-|-|-|-|-|-|-|S|-|-|-|S| }
2017-01-04 15:38:37 WARN  Game:128 - 0A CE AE D9 3D 20 C3 5E E2 70 58 D1 AB 9D A6 D4 FA 34 6C F2  has 2^160-1
2017-01-04 15:41:04 WARN  Game:145 - 86 148 219 118 220 224 201 178 13 28 204 155 101 169 11 127 136 77 24 43  hit at 71 41 210 73 52 30 212 92 55 90 188 144 99 133 57 205 3 155 209 31 
2017-01-04 15:51:37 WARN  App:23 - Starting ...
2017-01-04 15:51:41 WARN  StartUp:20 - Starting server node
2017-01-04 15:51:41 WARN  Game:83 - Node as Server: init done
2017-01-04 15:51:41 WARN  StartUp:24 - Starting additional 1 nodes.
2017-01-04 15:51:41 WARN  Game:74 - Node as Client: init done
2017-01-04 15:51:41 WARN  StartUp:31 - Startup finished.
2017-01-04 15:51:44 WARN  StartUp:45 - starting Game in
2017-01-04 15:51:44 WARN  StartUp:50 - 3
2017-01-04 15:51:45 WARN  StartUp:50 - 2
2017-01-04 15:51:46 WARN  StartUp:50 - 1
2017-01-04 15:51:47 WARN  Game:118 - start id: 10 206 174 217 61 32 195 94 226 112 88 209 171 157 166 212 250 52 108 243 
2017-01-04 15:51:47 WARN  Game:120 - end id: 86 148 219 118 220 224 201 178 13 28 204 155 101 169 11 127 136 77 24 43 
2017-01-04 15:51:47 WARN  Game:122 - { |-|-|-|-|-|-|-|-|-|-|-|-|-|S|-|-|-|-|-|-|-|-|-|-|-|-|-|-|-|-|-|-|-|S|-|-|-|S|-|-|S|-|-|-|S|-|-|-|-|-|-|-|-|-|-|-|-|-|-|-|-|-|-|-|S|-|-|-|-|S|-|-|-|-|-|-|-|-|-|-|-|-|-|-|-|-|-|-|-|-|S|-|-|-|-|S|-|-|-|S| }
2017-01-04 15:51:47 WARN  Game:118 - start id: 86 148 219 118 220 224 201 178 13 28 204 155 101 169 11 127 136 77 24 44 
2017-01-04 15:51:47 WARN  Game:120 - end id: 10 206 174 217 61 32 195 94 226 112 88 209 171 157 166 212 250 52 108 242 
2017-01-04 15:51:47 WARN  Game:122 - { |-|S|S|-|-|-|-|-|-|-|-|-|-|-|-|-|-|-|-|-|-|-|S|-|-|-|S|-|-|-|-|-|-|-|S|-|-|-|-|-|-|-|-|-|-|-|-|S|S|-|S|-|-|-|S|-|-|-|-|-|-|-|-|-|-|-|-|-|-|-|-|S|-|-|-|-|-|-|-|-|-|-|-|-|-|-|-|-|-|-|-|-|-|-|-|-|-|-|-|-| }
2017-01-04 15:51:47 WARN  Game:128 - 0A CE AE D9 3D 20 C3 5E E2 70 58 D1 AB 9D A6 D4 FA 34 6C F2  has 2^160-1
2017-01-04 15:51:48 WARN  Game:145 - 10 206 174 217 61 32 195 94 226 112 88 209 171 157 166 212 250 52 108 242  hit at 216 60 166 94 248 35 195 246 243 250 153 111 154 73 213 146 136 223 143 19 
2017-01-04 15:51:48 WARN  Game:145 - 86 148 219 118 220 224 201 178 13 28 204 155 101 169 11 127 136 77 24 43  hit at 63 185 153 96 16 9 117 3 60 170 78 237 6 252 206 173 26 227 185 215 
2017-01-04 15:51:48 WARN  Game:145 - 86 148 219 118 220 224 201 178 13 28 204 155 101 169 11 127 136 77 24 43  hit at 21 89 87 51 4 223 248 186 108 15 65 234 240 39 3 208 76 34 115 235 
2017-01-04 15:51:48 WARN  Game:145 - 10 206 174 217 61 32 195 94 226 112 88 209 171 157 166 212 250 52 108 242  hit at 148 141 49 34 243 175 142 155 238 163 186 15 21 195 91 229 222 123 231 132 
2017-01-04 15:51:48 WARN  Game:145 - 86 148 219 118 220 224 201 178 13 28 204 155 101 169 11 127 136 77 24 43  hit at 85 255 77 146 102 56 115 152 172 171 181 147 96 85 238 196 77 56 60 4 
2017-01-04 15:51:48 WARN  Game:145 - 10 206 174 217 61 32 195 94 226 112 88 209 171 157 166 212 250 52 108 242  hit at 89 166 212 195 79 207 61 46 176 59 216 6 122 133 241 107 223 8 76 210 
2017-01-04 15:51:48 WARN  Game:145 - 86 148 219 118 220 224 201 178 13 28 204 155 101 169 11 127 136 77 24 43  hit at 38 219 156 51 197 194 1 6 33 8 32 73 144 170 117 187 213 17 112 234 
2017-01-04 15:51:48 WARN  Game:145 - 10 206 174 217 61 32 195 94 226 112 88 209 171 157 166 212 250 52 108 242  hit at 133 117 9 250 76 253 41 133 77 154 213 42 155 231 207 9 212 103 136 174 
2017-01-04 15:51:48 WARN  Game:145 - 86 148 219 118 220 224 201 178 13 28 204 155 101 169 11 127 136 77 24 43  hit at 41 166 146 237 57 198 14 128 100 96 61 221 249 86 190 0 188 33 202 28 
2017-01-04 15:51:48 WARN  Game:145 - 10 206 174 217 61 32 195 94 226 112 88 209 171 157 166 212 250 52 108 242  hit at 127 226 163 211 216 73 14 183 133 234 154 91 34 196 91 138 143 183 42 123 
2017-01-04 15:51:48 WARN  Game:145 - 10 206 174 217 61 32 195 94 226 112 88 209 171 157 166 212 250 52 108 242  hit at 91 124 16 5 254 97 254 173 96 151 60 4 235 168 20 100 51 59 68 231 
2017-01-04 15:51:48 WARN  Game:145 - 86 148 219 118 220 224 201 178 13 28 204 155 101 169 11 127 136 77 24 43  hit at 36 37 192 5 217 242 20 50 174 235 46 55 231 178 124 9 209 240 147 120 
2017-01-04 15:51:48 WARN  Game:145 - 10 206 174 217 61 32 195 94 226 112 88 209 171 157 166 212 250 52 108 242  hit at 171 112 117 248 112 55 96 82 197 203 26 252 160 23 253 100 241 18 157 25 
2017-01-04 15:51:49 WARN  Game:145 - 86 148 219 118 220 224 201 178 13 28 204 155 101 169 11 127 136 77 24 43  hit at 83 2 90 197 5 250 137 224 241 246 168 251 83 43 163 247 44 139 110 71 
2017-01-04 15:51:49 WARN  Game:145 - 86 148 219 118 220 224 201 178 13 28 204 155 101 169 11 127 136 77 24 43  hit at 79 31 143 56 65 251 238 214 94 247 135 160 15 187 146 35 227 28 169 119 
2017-01-04 15:51:49 WARN  Game:145 - 10 206 174 217 61 32 195 94 226 112 88 209 171 157 166 212 250 52 108 242  hit at 177 128 137 247 18 179 170 164 25 65 141 25 164 162 208 44 66 227 225 81 
2017-01-04 15:51:50 WARN  Game:145 - 86 148 219 118 220 224 201 178 13 28 204 155 101 169 11 127 136 77 24 43  hit at 59 182 156 186 124 177 140 166 212 5 167 79 198 196 14 198 240 197 31 27 
2017-01-04 15:51:50 WARN  Game:145 - 86 148 219 118 220 224 201 178 13 28 204 155 101 169 11 127 136 77 24 43  hit at 44 191 168 70 240 238 15 36 68 184 37 140 150 123 78 136 58 104 19 123 
2017-01-04 15:51:50 WARN  Game:145 - 10 206 174 217 61 32 195 94 226 112 88 209 171 157 166 212 250 52 108 242  hit at 184 1 212 185 51 41 161 196 240 181 196 225 193 204 37 225 201 137 231 184 
2017-01-04 15:51:50 WARN  Game:145 - 10 206 174 217 61 32 195 94 226 112 88 209 171 157 166 212 250 52 108 242  hit at 173 228 223 28 240 132 206 74 95 182 119 75 136 128 242 54 212 241 29 129 
2017-01-04 17:32:50 WARN  App:27 - Starting ...
2017-01-04 17:33:07 WARN  App:27 - Starting ...
2017-01-04 17:34:03 WARN  App:27 - Starting ...
2017-01-04 17:34:13 WARN  App:27 - Starting ...
2017-01-04 17:35:22 WARN  App:27 - Starting ...
2017-01-04 17:46:41 WARN  App:27 - Starting ...
2017-01-04 17:47:30 WARN  App:27 - Starting ...
2017-01-05 09:29:40 WARN  App:27 - Starting ...
2017-01-05 09:43:17 WARN  App:27 - Starting ...
2017-01-05 09:44:25 WARN  App:27 - Starting ...
2017-01-05 09:45:16 WARN  App:27 - Starting ...
2017-01-05 09:47:29 WARN  App:27 - Starting ...
2017-01-05 09:48:04 WARN  App:27 - Starting ...
2017-01-05 09:48:24 WARN  App:27 - Starting ...
2017-01-05 09:50:26 WARN  App:27 - Starting ...
2017-01-05 09:50:34 WARN  App:27 - Starting ...
2017-01-05 09:51:04 WARN  App:27 - Starting ...
2017-01-05 09:54:55 WARN  App:27 - Starting ...
2017-01-05 10:02:53 WARN  App:27 - Starting ...
2017-01-05 10:03:30 WARN  App:27 - Starting ...
2017-01-05 10:03:56 WARN  App:27 - Starting ...
2017-01-05 10:04:14 WARN  StartUp:20 - Starting server node
2017-01-05 10:04:14 WARN  Game:81 - Node as Server: init done
2017-01-05 10:04:14 WARN  StartUp:24 - Starting additional 0 nodes.
2017-01-05 10:04:14 WARN  StartUp:31 - Startup finished.
2017-01-05 10:04:20 WARN  StartUp:45 - starting Game in
2017-01-05 10:04:20 WARN  StartUp:50 - 3
2017-01-05 10:04:21 WARN  StartUp:50 - 2
2017-01-05 10:04:22 WARN  StartUp:50 - 1
2017-01-05 10:05:09 WARN  App:27 - Starting ...
2017-01-05 10:05:23 WARN  StartUp:20 - Starting server node
2017-01-05 10:05:23 WARN  Game:81 - Node as Server: init done
2017-01-05 10:05:23 WARN  StartUp:24 - Starting additional 0 nodes.
2017-01-05 10:05:23 WARN  StartUp:31 - Startup finished.
2017-01-05 10:05:43 WARN  StartUp:45 - starting Game in
2017-01-05 10:05:43 WARN  StartUp:50 - 3
2017-01-05 10:05:44 WARN  StartUp:50 - 2
2017-01-05 10:05:45 WARN  StartUp:50 - 1
2017-01-05 10:14:34 WARN  App:27 - Starting ...
2017-01-05 10:14:54 WARN  StartUp:20 - Starting server node
2017-01-05 10:14:54 WARN  Game:81 - Node as Server: init done
2017-01-05 10:14:54 WARN  StartUp:24 - Starting additional 0 nodes.
2017-01-05 10:14:54 WARN  StartUp:31 - Startup finished.
2017-01-05 10:15:00 WARN  StartUp:45 - starting Game in
2017-01-05 10:15:00 WARN  StartUp:50 - 3
2017-01-05 10:15:01 WARN  StartUp:50 - 2
2017-01-05 10:15:02 WARN  StartUp:50 - 1
2017-01-05 10:39:23 WARN  App:27 - Starting ...
2017-01-05 10:40:47 WARN  App:27 - Starting ...
2017-01-05 10:42:16 WARN  App:27 - Starting ...
2017-01-05 10:45:30 WARN  App:27 - Starting ...
2017-01-05 10:46:02 WARN  App:27 - Starting ...
2017-01-05 10:46:47 WARN  App:27 - Starting ...
2017-01-05 10:47:02 WARN  App:27 - Starting ...
2017-01-05 10:48:44 WARN  App:27 - Starting ...
2017-01-05 10:48:51 WARN  StartUp:25 - Starting additional 1 nodes.
2017-01-05 10:50:19 WARN  App:27 - Starting ...
2017-01-05 10:50:31 WARN  App:27 - Starting ...
